<?xml version="1.0" encoding="UTF-8"?>
<coverage generated="1700491223425" clover="3.2.0">
  <project timestamp="1700491223425" name="All files">
    <metrics statements="7" coveredstatements="7" conditionals="1" coveredconditionals="1" methods="2" coveredmethods="2" elements="10" coveredelements="10" complexity="0" loc="7" ncloc="7" packages="1" files="1" classes="1"/>
    <file name="get-text.ts" path="/Users/subash/Documents/personal/translator/js-translate/src/commands/get-text.ts">
      <metrics statements="7" coveredstatements="7" conditionals="1" coveredconditionals="1" methods="2" coveredmethods="2"/>
      <line num="3" count="1" type="stmt"/>
      <line num="5" count="6" type="stmt"/>
      <line num="6" count="6" type="stmt"/>
      <line num="15" count="6" type="stmt"/>
      <line num="23" count="6" type="stmt"/>
      <line num="24" count="16" type="cond" truecount="1" falsecount="0"/>
      <line num="25" count="5" type="stmt"/>
    </file>
  </project>
</coverage>
