{"/Users/subash/Documents/personal/translator/js-translate/src/commands/get-text.ts": {"path":"/Users/subash/Documents/personal/translator/js-translate/src/commands/get-text.ts","statementMap":{"0":{"start":{"line":5,"column":16},"end":{"line":5,"column":null}},"1":{"start":{"line":6,"column":8},"end":{"line":6,"column":34}},"2":{"start":{"line":15,"column":57},"end":{"line":21,"column":10}},"3":{"start":{"line":23,"column":8},"end":{"line":27,"column":null}},"4":{"start":{"line":24,"column":12},"end":{"line":26,"column":null}},"5":{"start":{"line":25,"column":16},"end":{"line":25,"column":65}},"6":{"start":{"line":3,"column":0},"end":{"line":3,"column":13}}},"fnMap":{"0":{"name":"(anonymous_0)","decl":{"start":{"line":5,"column":4},"end":{"line":5,"column":16}},"loc":{"start":{"line":5,"column":44},"end":{"line":7,"column":5}}},"1":{"name":"(anonymous_1)","decl":{"start":{"line":14,"column":12},"end":{"line":14,"column":24}},"loc":{"start":{"line":14,"column":43},"end":{"line":28,"column":5}}}},"branchMap":{"0":{"loc":{"start":{"line":24,"column":12},"end":{"line":26,"column":null}},"type":"if","locations":[{"start":{"line":24,"column":12},"end":{"line":26,"column":null}}]}},"s":{"0":6,"1":6,"2":6,"3":6,"4":16,"5":5,"6":1},"f":{"0":6,"1":6},"b":{"0":[5]}}
}
